#
# A fatal error has been detected by the Java Runtime Environment:
#
#  EXCEPTION_ACCESS_VIOLATION (0xc0000005) at pc=0x00007ff8f7653ba5, pid=6548, tid=15516
#
# JRE version: OpenJDK Runtime Environment Temurin-17.0.3+7 (17.0.3+7) (build 17.0.3+7)
# Java VM: OpenJDK 64-Bit Server VM Temurin-17.0.3+7 (17.0.3+7, mixed mode, tiered, compressed oops, compressed class ptrs, g1 gc, windows-amd64)
# Problematic frame:
# V  [jvm.dll+0x363ba5]
#
# No core dump will be written. Minidumps are not enabled by default on client versions of Windows
#
# If you would like to submit a bug report, please visit:
#   https://github.com/adoptium/adoptium-support/issues
#

---------------  S U M M A R Y ------------

Command Line: -Dcom.sun.management.jmxremote -Dcom.sun.management.jmxremote.port=61598 -Dcom.sun.management.jmxremote.authenticate=false -Dcom.sun.management.jmxremote.ssl=false -Djava.rmi.server.hostname=localhost -Dspring.application.admin.enabled=true -Dspring.jmx.enabled=true -Dspring.boot.project.name=projekt -XX:+ShowCodeDetailsInExceptionMessages -Dfile.encoding=UTF-8 de.hsrm.mi.web.projekt.ProjektApplication

Host: AMD Ryzen 5 3600X 6-Core Processor             , 12 cores, 31G,  Windows 10 , 64 bit Build 19041 (10.0.19041.1706)
Time: Thu Jun 16 16:51:38 2022 Mitteleuropäische Sommerzeit elapsed time: 3.315395 seconds (0d 0h 0m 3s)

---------------  T H R E A D  ---------------

Current thread (0x0000021edbf42d70):  JavaThread "C2 CompilerThread0" daemon [_thread_in_native, id=15516, stack(0x0000007a1af00000,0x0000007a1b000000)]


Current CompileTask:
C2:   3315 4163 % !   4       org.springframework.beans.factory.support.DefaultListableBeanFactory::doGetBeanNamesForType @ 20 (511 bytes)

Stack: [0x0000007a1af00000,0x0000007a1b000000],  sp=0x0000007a1affb810,  free space=1006k
Native frames: (J=compiled Java code, j=interpreted, Vv=VM code, C=native code)
V  [jvm.dll+0x363ba5]
V  [jvm.dll+0x1bc021]
V  [jvm.dll+0x1bbc8b]
V  [jvm.dll+0x2184b9]
V  [jvm.dll+0x217781]
V  [jvm.dll+0x1a3ccd]
V  [jvm.dll+0x227178]
V  [jvm.dll+0x2252bc]
V  [jvm.dll+0x7e673b]
V  [jvm.dll+0x7e0cfa]
V  [jvm.dll+0x674d85]
C  [ucrtbase.dll+0x21bb2]
C  [KERNEL32.DLL+0x17034]
C  [ntdll.dll+0x52651]


siginfo: EXCEPTION_ACCESS_VIOLATION (0xc0000005), writing address 0x00007ff8f7edbbe8


Register to memory mapping:

RIP=0x00007ff8f7653ba5 jvm.dll
RAX=0x00aab3680053e57f is an unknown value
RBX=0x0000021edfd19cd0 points into unknown readable memory: 0x0000002700000014 | 14 00 00 00 27 00 00 00
RCX=0x0 is NULL
RDX=0x00aab3680053e57f is an unknown value
RSP=0x0000007a1affb810 is pointing into the stack for thread: 0x0000021edbf42d70
RBP=0x0000007a1affba30 is pointing into the stack for thread: 0x0000021edbf42d70
RSI=0x0 is NULL
RDI=0x0000000000002500 is an unknown value
R8 =0x0000000000000001 is an unknown value
R9 =0x00007ff8f7edbbe8 jvm.dll
R10=0x0000000000000003 is an unknown value
R11=0x0000021ee2133d00 points into unknown readable memory: 0x0000000000000000 | 00 00 00 00 00 00 00 00
R12=0x0000000000171f60 is an unknown value
R13=0x0000007a1affbdd0 is pointing into the stack for thread: 0x0000021edbf42d70
R14=0x0 is NULL
R15=0x00007ff8f7e5bbe8 jvm.dll


Registers:
RAX=0x00aab3680053e57f, RBX=0x0000021edfd19cd0, RCX=0x0000000000000000, RDX=0x00aab3680053e57f
RSP=0x0000007a1affb810, RBP=0x0000007a1affba30, RSI=0x0000000000000000, RDI=0x0000000000002500
R8 =0x0000000000000001, R9 =0x00007ff8f7edbbe8, R10=0x0000000000000003, R11=0x0000021ee2133d00
R12=0x0000000000171f60, R13=0x0000007a1affbdd0, R14=0x0000000000000000, R15=0x00007ff8f7e5bbe8
RIP=0x00007ff8f7653ba5, EFLAGS=0x0000000000010202

Top of Stack: (sp=0x0000007a1affb810)
0x0000007a1affb810:   0000000000000000 0000000000002500
0x0000007a1affb820:   0000000000000000 0000000000000000
0x0000007a1affb830:   0000000000000000 0000000300001b94
0x0000007a1affb840:   000000230000001c 0000021ee3c1b8e0
0x0000007a1affb850:   0000021ee37fea10 0000021edfd78050
0x0000007a1affb860:   0000000000002500 0000000000000000
0x0000007a1affb870:   0000000000000000 00007ff8f74ac021
0x0000007a1affb880:   000000000000752f 0000000000000000
0x0000007a1affb890:   0000021ee0f4b050 00007ff8f7c1d3b8
0x0000007a1affb8a0:   0000000000000000 000000010000223b
0x0000007a1affb8b0:   0000002300000023 0000021ee2133be0
0x0000007a1affb8c0:   0000021ee37fe8b0 0000021edfd77fb0
0x0000007a1affb8d0:   0000000000000000 0000000000000000
0x0000007a1affb8e0:   0000000000000000 0000000000000000
0x0000007a1affb8f0:   0000000000000000 00007ff8f7c1d3c8
0x0000007a1affb900:   0000000000000000 0000000000000000 

Instructions: (pc=0x00007ff8f7653ba5)
0x00007ff8f7653aa5:   00 0f 84 2a 01 00 00 33 d2 48 c7 44 24 2c 04 00
0x00007ff8f7653ab5:   00 00 48 89 54 24 20 89 54 24 28 4c 89 74 24 78
0x00007ff8f7653ac5:   4c 89 bc 24 80 00 00 00 41 39 10 75 06 89 54 24
0x00007ff8f7653ad5:   34 eb 08 41 8b 40 04 89 44 24 34 48 89 54 24 38
0x00007ff8f7653ae5:   4c 8d 3d fc 80 80 00 49 8b 40 08 4c 8b f7 48 89
0x00007ff8f7653af5:   44 24 40 41 83 e6 3f 4c 89 44 24 48 48 89 5c 24
0x00007ff8f7653b05:   70 48 85 d2 74 1d 48 0f bc c2 8b c8 48 d3 ea 8b
0x00007ff8f7653b15:   4c 24 28 48 ff ca 03 c8 48 89 54 24 20 89 4c 24
0x00007ff8f7653b25:   28 eb 26 83 7c 24 2c 04 72 0e 8b 44 24 34 39 44
0x00007ff8f7653b35:   24 30 0f 83 87 00 00 00 48 8d 4c 24 20 e8 09 49
0x00007ff8f7653b45:   00 00 48 8b 54 24 20 8b c8 85 c9 74 72 8b c1 48
0x00007ff8f7653b55:   8d 1c 80 48 c1 e3 05 48 03 5d 10 85 ff 74 a2 48
0x00007ff8f7653b65:   8b 43 08 48 8b cf 48 c1 e9 08 4c 8b 0c c8 4d 3b
0x00007ff8f7653b75:   cf 75 0d 8b d7 48 8b cb e8 8e 4a 00 00 4c 8b c8
0x00007ff8f7653b85:   49 8b ce 41 b8 01 00 00 00 49 d3 e0 48 8b cf 48
0x00007ff8f7653b95:   c1 e9 06 83 e1 03 49 8b 14 c9 48 8b c2 49 0b c0
0x00007ff8f7653ba5:   49 89 04 c9 49 85 d0 74 0a 48 8b 54 24 20 e9 4e
0x00007ff8f7653bb5:   ff ff ff ff 03 48 8b 54 24 20 e9 42 ff ff ff 48
0x00007ff8f7653bc5:   8b 5c 24 70 4c 8b 74 24 78 4c 8b bc 24 80 00 00
0x00007ff8f7653bd5:   00 48 83 c4 50 5f 5e 5d c3 cc cc 40 55 56 41 55
0x00007ff8f7653be5:   41 57 48 8d 6c 24 e8 48 81 ec 18 01 00 00 41 83
0x00007ff8f7653bf5:   38 00 4d 8b f9 48 8b f2 4c 8b e9 0f 84 2f 03 00
0x00007ff8f7653c05:   00 33 c0 4c 89 a4 24 50 01 00 00 44 0f b7 a2 9c
0x00007ff8f7653c15:   00 00 00 41 8b 50 04 48 89 44 24 20 89 44 24 28
0x00007ff8f7653c25:   48 89 44 24 38 49 8b 40 08 48 89 44 24 40 48 c7
0x00007ff8f7653c35:   44 24 2c 04 00 00 00 89 54 24 34 4c 89 44 24 48
0x00007ff8f7653c45:   85 d2 0f 84 e0 02 00 00 48 8d 4c 24 20 e8 f9 47
0x00007ff8f7653c55:   00 00 8b c8 85 c0 0f 84 cc 02 00 00 48 89 9c 24
0x00007ff8f7653c65:   40 01 00 00 48 89 bc 24 48 01 00 00 4c 89 b4 24
0x00007ff8f7653c75:   10 01 00 00 0f 1f 80 00 00 00 00 8b c1 48 69 f8
0x00007ff8f7653c85:   b0 00 00 00 49 8b 45 70 48 03 78 20 8b 87 a8 00
0x00007ff8f7653c95:   00 00 0f ba e0 08 0f 82 1a 02 00 00 0f 10 47 38 


Stack slot to memory mapping:
stack at sp + 0 slots: 0x0 is NULL
stack at sp + 1 slots: 0x0000000000002500 is an unknown value
stack at sp + 2 slots: 0x0 is NULL
stack at sp + 3 slots: 0x0 is NULL
stack at sp + 4 slots: 0x0 is NULL
stack at sp + 5 slots: 0x0000000300001b94 is an unknown value
stack at sp + 6 slots: 0x000000230000001c is an unknown value
stack at sp + 7 slots: 0x0000021ee3c1b8e0 points into unknown readable memory: 0x0000000000000000 | 00 00 00 00 00 00 00 00


---------------  P R O C E S S  ---------------

Threads class SMR info:
_java_thread_list=0x0000021ee05ff680, length=22, elements={
0x0000021eb202dfd0, 0x0000021ed93c8c30, 0x0000021ed93c9aa0, 0x0000021edbf24370,
0x0000021edbf24c30, 0x0000021edbf408a0, 0x0000021edbf41a70, 0x0000021edbf42d70,
0x0000021edbf50650, 0x0000021edbf53980, 0x0000021edc033f80, 0x0000021edc152e60,
0x0000021edc27c8d0, 0x0000021edd20fc80, 0x0000021edd1f79d0, 0x0000021edd36f7d0,
0x0000021ede4240a0, 0x0000021ede4234a0, 0x0000021edeca28a0, 0x0000021ee3676db0,
0x0000021ee3676410, 0x0000021ee3675f40
}

Java Threads: ( => current thread )
  0x0000021eb202dfd0 JavaThread "main" [_thread_blocked, id=17900, stack(0x0000007a1a200000,0x0000007a1a300000)]
  0x0000021ed93c8c30 JavaThread "Reference Handler" daemon [_thread_blocked, id=3624, stack(0x0000007a1a900000,0x0000007a1aa00000)]
  0x0000021ed93c9aa0 JavaThread "Finalizer" daemon [_thread_blocked, id=13468, stack(0x0000007a1aa00000,0x0000007a1ab00000)]
  0x0000021edbf24370 JavaThread "Signal Dispatcher" daemon [_thread_blocked, id=10520, stack(0x0000007a1ab00000,0x0000007a1ac00000)]
  0x0000021edbf24c30 JavaThread "Attach Listener" daemon [_thread_blocked, id=5500, stack(0x0000007a1ac00000,0x0000007a1ad00000)]
  0x0000021edbf408a0 JavaThread "Service Thread" daemon [_thread_blocked, id=2284, stack(0x0000007a1ad00000,0x0000007a1ae00000)]
  0x0000021edbf41a70 JavaThread "Monitor Deflation Thread" daemon [_thread_blocked, id=11708, stack(0x0000007a1ae00000,0x0000007a1af00000)]
=>0x0000021edbf42d70 JavaThread "C2 CompilerThread0" daemon [_thread_in_native, id=15516, stack(0x0000007a1af00000,0x0000007a1b000000)]
  0x0000021edbf50650 JavaThread "C1 CompilerThread0" daemon [_thread_blocked, id=11136, stack(0x0000007a1b000000,0x0000007a1b100000)]
  0x0000021edbf53980 JavaThread "Sweeper thread" daemon [_thread_blocked, id=12200, stack(0x0000007a1b100000,0x0000007a1b200000)]
  0x0000021edc033f80 JavaThread "Common-Cleaner" daemon [_thread_blocked, id=20176, stack(0x0000007a1b200000,0x0000007a1b300000)]
  0x0000021edc152e60 JavaThread "Notification Thread" daemon [_thread_blocked, id=8400, stack(0x0000007a1b300000,0x0000007a1b400000)]
  0x0000021edc27c8d0 JavaThread "C2 CompilerThread1" daemon [_thread_in_native, id=20008, stack(0x0000007a1b400000,0x0000007a1b500000)]
  0x0000021edd20fc80 JavaThread "RMI TCP Accept-0" daemon [_thread_in_native, id=9620, stack(0x0000007a1b500000,0x0000007a1b600000)]
  0x0000021edd1f79d0 JavaThread "RMI TCP Accept-61598" daemon [_thread_in_native, id=18800, stack(0x0000007a1b600000,0x0000007a1b700000)]
  0x0000021edd36f7d0 JavaThread "RMI TCP Accept-0" daemon [_thread_in_native, id=20132, stack(0x0000007a1b700000,0x0000007a1b800000)]
  0x0000021ede4240a0 JavaThread "Thread-0" [_thread_blocked, id=16872, stack(0x0000007a1c500000,0x0000007a1c600000)]
  0x0000021ede4234a0 JavaThread "restartedMain" [_thread_in_vm, id=18124, stack(0x0000007a1c600000,0x0000007a1c700000)]
  0x0000021edeca28a0 JavaThread "C2 CompilerThread2" daemon [_thread_in_native, id=13592, stack(0x0000007a1cb00000,0x0000007a1cc00000)]
  0x0000021ee3676db0 JavaThread "Catalina-utility-1" [_thread_blocked, id=18464, stack(0x0000007a1c700000,0x0000007a1c800000)]
  0x0000021ee3676410 JavaThread "Catalina-utility-2" [_thread_blocked, id=12212, stack(0x0000007a1ca00000,0x0000007a1cb00000)]
  0x0000021ee3675f40 JavaThread "container-0" [_thread_blocked, id=13552, stack(0x0000007a1cc00000,0x0000007a1cd00000)]

Other Threads:
  0x0000021ed93c5030 VMThread "VM Thread" [stack: 0x0000007a1a800000,0x0000007a1a900000] [id=9128]
  0x0000021edd181a50 WatcherThread [stack: 0x0000007a1b800000,0x0000007a1b900000] [id=9196]
  0x0000021eb415b890 GCTaskThread "GC Thread#0" [stack: 0x0000007a1a300000,0x0000007a1a400000] [id=5528]
  0x0000021ede0d37a0 GCTaskThread "GC Thread#1" [stack: 0x0000007a1b900000,0x0000007a1ba00000] [id=11180]
  0x0000021ede0d3a50 GCTaskThread "GC Thread#2" [stack: 0x0000007a1ba00000,0x0000007a1bb00000] [id=17996]
  0x0000021ede0d3d00 GCTaskThread "GC Thread#3" [stack: 0x0000007a1bb00000,0x0000007a1bc00000] [id=12648]
  0x0000021ede0d3fb0 GCTaskThread "GC Thread#4" [stack: 0x0000007a1bc00000,0x0000007a1bd00000] [id=7520]
  0x0000021ede0d4660 GCTaskThread "GC Thread#5" [stack: 0x0000007a1bd00000,0x0000007a1be00000] [id=19368]
  0x0000021ede646e10 GCTaskThread "GC Thread#6" [stack: 0x0000007a1be00000,0x0000007a1bf00000] [id=15184]
  0x0000021ede6470c0 GCTaskThread "GC Thread#7" [stack: 0x0000007a1bf00000,0x0000007a1c000000] [id=9908]
  0x0000021ede647370 GCTaskThread "GC Thread#8" [stack: 0x0000007a1c000000,0x0000007a1c100000] [id=15400]
  0x0000021ede647620 GCTaskThread "GC Thread#9" [stack: 0x0000007a1c100000,0x0000007a1c200000] [id=10664]
  0x0000021eb416d730 ConcurrentGCThread "G1 Main Marker" [stack: 0x0000007a1a400000,0x0000007a1a500000] [id=11628]
  0x0000021eb416e8e0 ConcurrentGCThread "G1 Conc#0" [stack: 0x0000007a1a500000,0x0000007a1a600000] [id=2764]
  0x0000021ede984c40 ConcurrentGCThread "G1 Conc#1" [stack: 0x0000007a1c800000,0x0000007a1c900000] [id=12024]
  0x0000021ede8c6f30 ConcurrentGCThread "G1 Conc#2" [stack: 0x0000007a1c900000,0x0000007a1ca00000] [id=16004]
  0x0000021ed92ae7a0 ConcurrentGCThread "G1 Refine#0" [stack: 0x0000007a1a600000,0x0000007a1a700000] [id=3368]
  0x0000021ede1a8400 ConcurrentGCThread "G1 Refine#1" [stack: 0x0000007a1c200000,0x0000007a1c300000] [id=5056]
  0x0000021ede7ace40 ConcurrentGCThread "G1 Refine#2" [stack: 0x0000007a1c300000,0x0000007a1c400000] [id=19744]
  0x0000021ede7ad120 ConcurrentGCThread "G1 Refine#3" [stack: 0x0000007a1c400000,0x0000007a1c500000] [id=15144]
  0x0000021ed92af1c0 ConcurrentGCThread "G1 Service" [stack: 0x0000007a1a700000,0x0000007a1a800000] [id=2464]

Threads with active compile tasks:
C2 CompilerThread0     3339 4163 % !   4       org.springframework.beans.factory.support.DefaultListableBeanFactory::doGetBeanNamesForType @ 20 (511 bytes)
C2 CompilerThread1     3339 4274   !   4       org.springframework.core.annotation.AnnotationsScanner::processClassHierarchy (227 bytes)
C2 CompilerThread2     3339 4193       4       org.springframework.core.annotation.TypeMappedAnnotations$MergedAnnotationFinder::doWithAnnotations (10 bytes)

VM state: not at safepoint (normal execution)

VM Mutex/Monitor currently owned by a thread: None

Heap address: 0x0000000601400000, size: 8172 MB, Compressed Oops mode: Zero based, Oop shift amount: 3

CDS archive(s) not mapped
Compressed class space mapped at: 0x0000000800000000-0x0000000840000000, reserved size: 1073741824
Narrow klass base: 0x0000000800000000, Narrow klass shift: 0, Narrow klass range: 0x40000000

GC Precious Log:
 CPUs: 12 total, 12 available
 Memory: 32686M
 Large Page Support: Disabled
 NUMA Support: Disabled
 Compressed Oops: Enabled (Zero based)
 Heap Region Size: 4M
 Heap Min Capacity: 8M
 Heap Initial Capacity: 512M
 Heap Max Capacity: 8172M
 Pre-touch: Disabled
 Parallel Workers: 10
 Concurrent Workers: 3
 Concurrent Refinement Workers: 10
 Periodic GC: Disabled

Heap:
 garbage-first heap   total 57344K, used 20845K [0x0000000601400000, 0x0000000800000000)
  region size 4096K, 2 young (8192K), 1 survivors (4096K)
 Metaspace       used 44201K, committed 44544K, reserved 1089536K
  class space    used 5684K, committed 5824K, reserved 1048576K

Heap Regions: E=young(eden), S=young(survivor), O=old, HS=humongous(starts), HC=humongous(continues), CS=collection set, F=free, OA=open archive, CA=closed archive, TAMS=top-at-mark-start (previous, next)
|   0|0x0000000601400000, 0x0000000601800000, 0x0000000601800000|100%| O|  |TAMS 0x0000000601800000, 0x0000000601400000| Untracked 
|   1|0x0000000601800000, 0x0000000601bab800, 0x0000000601c00000| 91%| O|  |TAMS 0x0000000601bab800, 0x0000000601800000| Untracked 
|   2|0x0000000601c00000, 0x0000000602000000, 0x0000000602000000|100%| O|  |TAMS 0x0000000602000000, 0x0000000601c00000| Untracked 
|   3|0x0000000602000000, 0x0000000602400000, 0x0000000602400000|100%| O|  |TAMS 0x0000000602055a00, 0x0000000602000000| Untracked 
|   4|0x0000000602400000, 0x00000006025ca800, 0x0000000602800000| 44%| O|  |TAMS 0x0000000602400000, 0x0000000602400000| Untracked 
|   5|0x0000000602800000, 0x0000000602800000, 0x0000000602c00000|  0%| F|  |TAMS 0x0000000602800000, 0x0000000602800000| Untracked 
|   6|0x0000000602c00000, 0x0000000602c00000, 0x0000000603000000|  0%| F|  |TAMS 0x0000000602c00000, 0x0000000602c00000| Untracked 
|   7|0x0000000603000000, 0x0000000603000000, 0x0000000603400000|  0%| F|  |TAMS 0x0000000603000000, 0x0000000603000000| Untracked 
|   8|0x0000000603400000, 0x0000000603400000, 0x0000000603800000|  0%| F|  |TAMS 0x0000000603400000, 0x0000000603400000| Untracked 
|   9|0x0000000603800000, 0x0000000603ae5688, 0x0000000603c00000| 72%| S|CS|TAMS 0x0000000603800000, 0x0000000603800000| Complete 
|  10|0x0000000603c00000, 0x0000000603c00000, 0x0000000604000000|  0%| F|  |TAMS 0x0000000603c00000, 0x0000000603c00000| Untracked 
|  11|0x0000000604000000, 0x0000000604000000, 0x0000000604400000|  0%| F|  |TAMS 0x0000000604000000, 0x0000000604000000| Untracked 
| 124|0x0000000620400000, 0x0000000620400000, 0x0000000620800000|  0%| F|  |TAMS 0x0000000620400000, 0x0000000620400000| Untracked 
| 127|0x0000000621000000, 0x00000006212191d0, 0x0000000621400000| 52%| E|  |TAMS 0x0000000621000000, 0x0000000621000000| Complete 

Card table byte_map: [0x0000021ec7270000,0x0000021ec8270000] _byte_map_base: 0x0000021ec4266000

Marking Bits (Prev, Next): (CMBitMap*) 0x0000021eb415bea0, (CMBitMap*) 0x0000021eb415bee0
 Prev Bits: [0x0000021ec9270000, 0x0000021ed1220000)
 Next Bits: [0x0000021ed1220000, 0x0000021ed91d0000)

Polling page: 0x0000021eb3870000

Metaspace:

Usage:
  Non-class:     37.64 MB used.
      Class:      5.55 MB used.
       Both:     43.19 MB used.

Virtual space:
  Non-class space:       40.00 MB reserved,      37.81 MB ( 95%) committed,  5 nodes.
      Class space:        1.00 GB reserved,       5.69 MB ( <1%) committed,  1 nodes.
             Both:        1.04 GB reserved,      43.50 MB (  4%) committed. 

Chunk freelists:
   Non-Class:  1.81 MB
       Class:  2.20 MB
        Both:  4.01 MB

MaxMetaspaceSize: unlimited
CompressedClassSpaceSize: 1.00 GB
Initial GC threshold: 21.00 MB
Current GC threshold: 59.00 MB
CDS: off
MetaspaceReclaimPolicy: balanced
 - commit_granule_bytes: 65536.
 - commit_granule_words: 8192.
 - virtual_space_node_default_size: 1048576.
 - enlarge_chunks_in_place: 1.
 - new_chunks_are_fully_committed: 0.
 - uncommit_free_chunks: 1.
 - use_allocation_guard: 0.
 - handle_deallocations: 1.


Internal statistics:

num_allocs_failed_limit: 6.
num_arena_births: 412.
num_arena_deaths: 0.
num_vsnodes_births: 6.
num_vsnodes_deaths: 0.
num_space_committed: 696.
num_space_uncommitted: 0.
num_chunks_returned_to_freelist: 6.
num_chunks_taken_from_freelist: 1686.
num_chunk_merges: 6.
num_chunk_splits: 1157.
num_chunks_enlarged: 870.
num_purges: 0.
num_inconsistent_stats: 0.

CodeHeap 'non-profiled nmethods': size=120000Kb used=2556Kb max_used=2556Kb free=117444Kb
 bounds [0x0000021ebe7f0000, 0x0000021ebea70000, 0x0000021ec5d20000]
CodeHeap 'profiled nmethods': size=120000Kb used=9898Kb max_used=9898Kb free=110101Kb
 bounds [0x0000021eb72c0000, 0x0000021eb7c70000, 0x0000021ebe7f0000]
CodeHeap 'non-nmethods': size=5760Kb used=1224Kb max_used=1293Kb free=4535Kb
 bounds [0x0000021eb6d20000, 0x0000021eb6f90000, 0x0000021eb72c0000]
 total_blobs=4858 nmethods=4331 adapters=439
 compilation: enabled
              stopped_count=0, restarted_count=0
 full_count=0

Compilation events (20 events):
Event: 3.287 Thread 0x0000021edbf50650 4331       3       java.util.jar.JarFile::entries (10 bytes)
Event: 3.287 Thread 0x0000021edbf50650 nmethod 4331 0x0000021eb7c48d90 code [0x0000021eb7c48f40, 0x0000021eb7c490e8]
Event: 3.287 Thread 0x0000021edbf50650 4332       3       java.util.zip.ZipFile$1::entries (5 bytes)
Event: 3.287 Thread 0x0000021edbf50650 nmethod 4332 0x0000021eb7c49210 code [0x0000021eb7c493c0, 0x0000021eb7c49508]
Event: 3.287 Thread 0x0000021edbf50650 4333   !   3       java.util.zip.ZipFile::jarEntries (34 bytes)
Event: 3.287 Thread 0x0000021edbf50650 nmethod 4333 0x0000021eb7c49610 code [0x0000021eb7c497e0, 0x0000021eb7c49ba8]
Event: 3.287 Thread 0x0000021edbf50650 4334       3       java.util.zip.ZipFile$ZipEntryIterator::<init> (20 bytes)
Event: 3.287 Thread 0x0000021edbf50650 nmethod 4334 0x0000021eb7c49d90 code [0x0000021eb7c49f20, 0x0000021eb7c4a0f8]
Event: 3.289 Thread 0x0000021edbf50650 4335       3       java.util.regex.Pattern$CharPropertyGreedy::match (160 bytes)
Event: 3.290 Thread 0x0000021edbf50650 nmethod 4335 0x0000021eb7c4a190 code [0x0000021eb7c4a3c0, 0x0000021eb7c4ad88]
Event: 3.290 Thread 0x0000021edbf50650 4336       3       org.springframework.util.AntPathMatcher::doMatch (619 bytes)
Event: 3.292 Thread 0x0000021edbf50650 nmethod 4336 0x0000021eb7c4b090 code [0x0000021eb7c4b5a0, 0x0000021eb7c4dc18]
Event: 3.292 Thread 0x0000021edbf50650 4338       3       org.springframework.util.StringUtils::delimitedListToStringArray (164 bytes)
Event: 3.293 Thread 0x0000021edbf50650 nmethod 4338 0x0000021eb7c4ed10 code [0x0000021eb7c4f100, 0x0000021eb7c512c8]
Event: 3.293 Thread 0x0000021edbf50650 4339       1       org.springframework.core.type.filter.AbstractTypeHierarchyTraversingFilter::matchClassName (2 bytes)
Event: 3.293 Thread 0x0000021edbf50650 nmethod 4339 0x0000021ebea6cc10 code [0x0000021ebea6cda0, 0x0000021ebea6ce78]
Event: 3.293 Thread 0x0000021edbf50650 4337       3       java.util.regex.Pattern$LastNode::match (45 bytes)
Event: 3.293 Thread 0x0000021edbf50650 nmethod 4337 0x0000021eb7c51d90 code [0x0000021eb7c51f40, 0x0000021eb7c52158]
Event: 3.298 Thread 0x0000021edbf50650 4340       3       java.net.URLStreamHandler::parseURL (1201 bytes)
Event: 3.307 Thread 0x0000021edbf50650 nmethod 4340 0x0000021eb7c52290 code [0x0000021eb7c533c0, 0x0000021eb7c5da88]

GC Heap History (20 events):
Event: 0.686 GC heap before
{Heap before GC invocations=0 (full 0):
 garbage-first heap   total 524288K, used 24576K [0x0000000601400000, 0x0000000800000000)
  region size 4096K, 6 young (24576K), 0 survivors (0K)
 Metaspace       used 14734K, committed 14912K, reserved 1064960K
  class space    used 1605K, committed 1728K, reserved 1048576K
}
Event: 0.690 GC heap after
{Heap after GC invocations=1 (full 0):
 garbage-first heap   total 524288K, used 7782K [0x0000000601400000, 0x0000000800000000)
  region size 4096K, 1 young (4096K), 1 survivors (4096K)
 Metaspace       used 14734K, committed 14912K, reserved 1064960K
  class space    used 1605K, committed 1728K, reserved 1048576K
}
Event: 0.999 GC heap before
{Heap before GC invocations=1 (full 0):
 garbage-first heap   total 524288K, used 28262K [0x0000000601400000, 0x0000000800000000)
  region size 4096K, 6 young (24576K), 1 survivors (4096K)
 Metaspace       used 19721K, committed 19968K, reserved 1073152K
  class space    used 2288K, committed 2432K, reserved 1048576K
}
Event: 1.002 GC heap after
{Heap after GC invocations=2 (full 0):
 garbage-first heap   total 524288K, used 9397K [0x0000000601400000, 0x0000000800000000)
  region size 4096K, 1 young (4096K), 1 survivors (4096K)
 Metaspace       used 19721K, committed 19968K, reserved 1073152K
  class space    used 2288K, committed 2432K, reserved 1048576K
}
Event: 1.077 GC heap before
{Heap before GC invocations=2 (full 0):
 garbage-first heap   total 524288K, used 17589K [0x0000000601400000, 0x0000000800000000)
  region size 4096K, 4 young (16384K), 1 survivors (4096K)
 Metaspace       used 21330K, committed 21504K, reserved 1073152K
  class space    used 2527K, committed 2624K, reserved 1048576K
}
Event: 1.079 GC heap after
{Heap after GC invocations=3 (full 0):
 garbage-first heap   total 524288K, used 9788K [0x0000000601400000, 0x0000000800000000)
  region size 4096K, 1 young (4096K), 1 survivors (4096K)
 Metaspace       used 21330K, committed 21504K, reserved 1073152K
  class space    used 2527K, committed 2624K, reserved 1048576K
}
Event: 1.343 GC heap before
{Heap before GC invocations=4 (full 0):
 garbage-first heap   total 57344K, used 34364K [0x0000000601400000, 0x0000000800000000)
  region size 4096K, 8 young (32768K), 1 survivors (4096K)
 Metaspace       used 27686K, committed 27968K, reserved 1081344K
  class space    used 3332K, committed 3456K, reserved 1048576K
}
Event: 1.345 GC heap after
{Heap after GC invocations=5 (full 0):
 garbage-first heap   total 57344K, used 11471K [0x0000000601400000, 0x0000000800000000)
  region size 4096K, 1 young (4096K), 1 survivors (4096K)
 Metaspace       used 27686K, committed 27968K, reserved 1081344K
  class space    used 3332K, committed 3456K, reserved 1048576K
}
Event: 1.576 GC heap before
{Heap before GC invocations=5 (full 0):
 garbage-first heap   total 57344K, used 27855K [0x0000000601400000, 0x0000000800000000)
  region size 4096K, 6 young (24576K), 1 survivors (4096K)
 Metaspace       used 30178K, committed 30464K, reserved 1081344K
  class space    used 3639K, committed 3776K, reserved 1048576K
}
Event: 1.579 GC heap after
{Heap after GC invocations=6 (full 0):
 garbage-first heap   total 57344K, used 13112K [0x0000000601400000, 0x0000000800000000)
  region size 4096K, 1 young (4096K), 1 survivors (4096K)
 Metaspace       used 30178K, committed 30464K, reserved 1081344K
  class space    used 3639K, committed 3776K, reserved 1048576K
}
Event: 1.836 GC heap before
{Heap before GC invocations=6 (full 0):
 garbage-first heap   total 57344K, used 33592K [0x0000000601400000, 0x0000000800000000)
  region size 4096K, 6 young (24576K), 1 survivors (4096K)
 Metaspace       used 31817K, committed 32128K, reserved 1081344K
  class space    used 3840K, committed 3968K, reserved 1048576K
}
Event: 1.838 GC heap after
{Heap after GC invocations=7 (full 0):
 garbage-first heap   total 57344K, used 13882K [0x0000000601400000, 0x0000000800000000)
  region size 4096K, 1 young (4096K), 1 survivors (4096K)
 Metaspace       used 31817K, committed 32128K, reserved 1081344K
  class space    used 3840K, committed 3968K, reserved 1048576K
}
Event: 2.387 GC heap before
{Heap before GC invocations=7 (full 0):
 garbage-first heap   total 57344K, used 34362K [0x0000000601400000, 0x0000000800000000)
  region size 4096K, 6 young (24576K), 1 survivors (4096K)
 Metaspace       used 34646K, committed 34944K, reserved 1081344K
  class space    used 4349K, committed 4480K, reserved 1048576K
}
Event: 2.389 GC heap after
{Heap after GC invocations=8 (full 0):
 garbage-first heap   total 57344K, used 15151K [0x0000000601400000, 0x0000000800000000)
  region size 4096K, 1 young (4096K), 1 survivors (4096K)
 Metaspace       used 34646K, committed 34944K, reserved 1081344K
  class space    used 4349K, committed 4480K, reserved 1048576K
}
Event: 2.522 GC heap before
{Heap before GC invocations=8 (full 0):
 garbage-first heap   total 57344K, used 23343K [0x0000000601400000, 0x0000000800000000)
  region size 4096K, 4 young (16384K), 1 survivors (4096K)
 Metaspace       used 35856K, committed 36096K, reserved 1081344K
  class space    used 4526K, committed 4672K, reserved 1048576K
}
Event: 2.524 GC heap after
{Heap after GC invocations=9 (full 0):
 garbage-first heap   total 57344K, used 15980K [0x0000000601400000, 0x0000000800000000)
  region size 4096K, 1 young (4096K), 1 survivors (4096K)
 Metaspace       used 35856K, committed 36096K, reserved 1081344K
  class space    used 4526K, committed 4672K, reserved 1048576K
}
Event: 2.864 GC heap before
{Heap before GC invocations=10 (full 0):
 garbage-first heap   total 57344K, used 36460K [0x0000000601400000, 0x0000000800000000)
  region size 4096K, 6 young (24576K), 1 survivors (4096K)
 Metaspace       used 38795K, committed 39040K, reserved 1089536K
  class space    used 5005K, committed 5120K, reserved 1048576K
}
Event: 2.867 GC heap after
{Heap after GC invocations=11 (full 0):
 garbage-first heap   total 57344K, used 17983K [0x0000000601400000, 0x0000000800000000)
  region size 4096K, 1 young (4096K), 1 survivors (4096K)
 Metaspace       used 38795K, committed 39040K, reserved 1089536K
  class space    used 5005K, committed 5120K, reserved 1048576K
}
Event: 3.113 GC heap before
{Heap before GC invocations=11 (full 0):
 garbage-first heap   total 57344K, used 38463K [0x0000000601400000, 0x0000000800000000)
  region size 4096K, 6 young (24576K), 1 survivors (4096K)
 Metaspace       used 41477K, committed 41792K, reserved 1089536K
  class space    used 5300K, committed 5440K, reserved 1048576K
}
Event: 3.117 GC heap after
{Heap after GC invocations=12 (full 0):
 garbage-first heap   total 57344K, used 19868K [0x0000000601400000, 0x0000000800000000)
  region size 4096K, 1 young (4096K), 1 survivors (4096K)
 Metaspace       used 41477K, committed 41792K, reserved 1089536K
  class space    used 5300K, committed 5440K, reserved 1048576K
}

Deoptimization events (20 events):
Event: 3.148 Thread 0x0000021ede4234a0 DEOPT PACKING pc=0x0000021ebe9ebc94 sp=0x0000007a1c6f9ca0
Event: 3.148 Thread 0x0000021ede4234a0 DEOPT UNPACKING pc=0x0000021eb6d723a3 sp=0x0000007a1c6f9b58 mode 2
Event: 3.166 Thread 0x0000021ede4234a0 Uncommon trap: trap_request=0xffffffde fr.pc=0x0000021ebe9c283c relative=0x00000000000006dc
Event: 3.166 Thread 0x0000021ede4234a0 Uncommon trap: reason=class_check action=maybe_recompile pc=0x0000021ebe9c283c method=org.springframework.core.ResolvableType.resolveType()Lorg/springframework/core/ResolvableType; @ 101 c2
Event: 3.166 Thread 0x0000021ede4234a0 DEOPT PACKING pc=0x0000021ebe9c283c sp=0x0000007a1c6fc0f0
Event: 3.166 Thread 0x0000021ede4234a0 DEOPT UNPACKING pc=0x0000021eb6d723a3 sp=0x0000007a1c6fc040 mode 2
Event: 3.224 Thread 0x0000021ee3676410 DEOPT PACKING pc=0x0000021eb76d8e6a sp=0x0000007a1caff170
Event: 3.224 Thread 0x0000021ee3676410 DEOPT UNPACKING pc=0x0000021eb6d72b43 sp=0x0000007a1cafe608 mode 3
Event: 3.282 Thread 0x0000021ede4234a0 Uncommon trap: trap_request=0xfffffff4 fr.pc=0x0000021ebe9b1bcc relative=0x000000000000070c
Event: 3.282 Thread 0x0000021ede4234a0 Uncommon trap: reason=null_check action=make_not_entrant pc=0x0000021ebe9b1bcc method=org.springframework.beans.factory.support.DefaultListableBeanFactory.getBeanDefinition(Ljava/lang/String;)Lorg/springframework/beans/factory/config/BeanDefinition; @ 10 
Event: 3.282 Thread 0x0000021ede4234a0 DEOPT PACKING pc=0x0000021ebe9b1bcc sp=0x0000007a1c6fcb60
Event: 3.282 Thread 0x0000021ede4234a0 DEOPT UNPACKING pc=0x0000021eb6d723a3 sp=0x0000007a1c6fca98 mode 2
Event: 3.292 Thread 0x0000021ede4234a0 Uncommon trap: trap_request=0xffffff45 fr.pc=0x0000021ebea595ec relative=0x0000000000001f8c
Event: 3.292 Thread 0x0000021ede4234a0 Uncommon trap: reason=unstable_if action=reinterpret pc=0x0000021ebea595ec method=java.net.URL.<init>(Ljava/net/URL;Ljava/lang/String;Ljava/net/URLStreamHandler;)V @ 57 c2
Event: 3.292 Thread 0x0000021ede4234a0 DEOPT PACKING pc=0x0000021ebea595ec sp=0x0000007a1c6fd510
Event: 3.292 Thread 0x0000021ede4234a0 DEOPT UNPACKING pc=0x0000021eb6d723a3 sp=0x0000007a1c6fd4d0 mode 2
Event: 3.292 Thread 0x0000021ede4234a0 Uncommon trap: trap_request=0xffffff45 fr.pc=0x0000021ebe8f46f8 relative=0x0000000000003098
Event: 3.292 Thread 0x0000021ede4234a0 Uncommon trap: reason=unstable_if action=reinterpret pc=0x0000021ebe8f46f8 method=java.net.URLStreamHandler.parseURL(Ljava/net/URL;Ljava/lang/String;II)V @ 57 c2
Event: 3.292 Thread 0x0000021ede4234a0 DEOPT PACKING pc=0x0000021ebe8f46f8 sp=0x0000007a1c6fd380
Event: 3.292 Thread 0x0000021ede4234a0 DEOPT UNPACKING pc=0x0000021eb6d723a3 sp=0x0000007a1c6fd340 mode 2

Classes unloaded (0 events):
No events

Classes redefined (0 events):
No events

Internal exceptions (20 events):
Event: 2.963 Thread 0x0000021ede4234a0 Implicit null exception at 0x0000021ebe85de0d to 0x0000021ebe85e028
Event: 2.965 Thread 0x0000021ede4234a0 Implicit null exception at 0x0000021ebe839f8d to 0x0000021ebe83a198
Event: 3.006 Thread 0x0000021ede4234a0 Exception <a 'sun/nio/fs/WindowsException'{0x00000006042f6340}> (0x00000006042f6340) 
thrown [e:\jenkins\tmp\workspace\build\src\src\hotspot\share\prims\jni.cpp, line 516]
Event: 3.007 Thread 0x0000021ede4234a0 Exception <a 'sun/nio/fs/WindowsException'{0x00000006042fbf68}> (0x00000006042fbf68) 
thrown [e:\jenkins\tmp\workspace\build\src\src\hotspot\share\prims\jni.cpp, line 516]
Event: 3.007 Thread 0x0000021ede4234a0 Exception <a 'sun/nio/fs/WindowsException'{0x00000006042fc258}> (0x00000006042fc258) 
thrown [e:\jenkins\tmp\workspace\build\src\src\hotspot\share\prims\jni.cpp, line 516]
Event: 3.008 Thread 0x0000021ede4234a0 Exception <a 'sun/nio/fs/WindowsException'{0x00000006042fd2d0}> (0x00000006042fd2d0) 
thrown [e:\jenkins\tmp\workspace\build\src\src\hotspot\share\prims\jni.cpp, line 516]
Event: 3.008 Thread 0x0000021ede4234a0 Exception <a 'sun/nio/fs/WindowsException'{0x00000006042fd628}> (0x00000006042fd628) 
thrown [e:\jenkins\tmp\workspace\build\src\src\hotspot\share\prims\jni.cpp, line 516]
Event: 3.041 Thread 0x0000021ede4234a0 Implicit null exception at 0x0000021ebe8bff54 to 0x0000021ebe8c1850
Event: 3.076 Thread 0x0000021ede4234a0 Exception <a 'java/io/FileNotFoundException'{0x000000060390a718}> (0x000000060390a718) 
thrown [e:\jenkins\tmp\workspace\build\src\src\hotspot\share\prims\jni.cpp, line 516]
Event: 3.094 Thread 0x0000021ede4234a0 Exception <a 'java/lang/NoSuchMethodError'{0x0000000603a90ad0}: 'int java.lang.invoke.DirectMethodHandle$Holder.invokeInterface(java.lang.Object, java.lang.Object, java.lang.Object, java.lang.Object)'> (0x0000000603a90ad0) 
thrown [e:\jenkins\tmp\workspace\build\src\src\hotspot\share\interpreter\linkResolver.cpp, line 766]
Event: 3.118 Thread 0x0000021ede4234a0 Exception <a 'java/lang/NoSuchMethodError'{0x000000062100ac00}: 'java.lang.Object java.lang.invoke.DirectMethodHandle$Holder.invokeStaticInit(java.lang.Object, java.lang.Object, java.lang.Object, java.lang.Object)'> (0x000000062100ac00) 
thrown [e:\jenkins\tmp\workspace\build\src\src\hotspot\share\interpreter\linkResolver.cpp, line 766]
Event: 3.119 Thread 0x0000021ede4234a0 Exception <a 'java/lang/IncompatibleClassChangeError'{0x000000062101bab0}: Found class java.lang.Object, but interface was expected> (0x000000062101bab0) 
thrown [e:\jenkins\tmp\workspace\build\src\src\hotspot\share\interpreter\linkResolver.cpp, line 833]
Event: 3.120 Thread 0x0000021ede4234a0 Exception <a 'java/lang/IncompatibleClassChangeError'{0x0000000621028778}: Found class java.lang.Object, but interface was expected> (0x0000000621028778) 
thrown [e:\jenkins\tmp\workspace\build\src\src\hotspot\share\interpreter\linkResolver.cpp, line 833]
Event: 3.123 Thread 0x0000021ede4234a0 Exception <a 'java/lang/IncompatibleClassChangeError'{0x0000000621059008}: Found class java.lang.Object, but interface was expected> (0x0000000621059008) 
thrown [e:\jenkins\tmp\workspace\build\src\src\hotspot\share\interpreter\linkResolver.cpp, line 833]
Event: 3.148 Thread 0x0000021ede4234a0 Exception <a 'java/lang/NoSuchMethodError'{0x000000062121f758}: 'double java.lang.invoke.DirectMethodHandle$Holder.invokeStatic(java.lang.Object, java.lang.Object)'> (0x000000062121f758) 
thrown [e:\jenkins\tmp\workspace\build\src\src\hotspot\share\interpreter\linkResolver.cpp, line 766]
Event: 3.149 Thread 0x0000021ede4234a0 Exception <a 'java/lang/NoSuchMethodError'{0x0000000621228d50}: 'void java.lang.invoke.DirectMethodHandle$Holder.invokeStatic(java.lang.Object, java.lang.Object, double)'> (0x0000000621228d50) 
thrown [e:\jenkins\tmp\workspace\build\src\src\hotspot\share\interpreter\linkResolver.cpp, line 766]
Event: 3.150 Thread 0x0000021ede4234a0 Exception <a 'java/lang/NoSuchMethodError'{0x00000006212346b0}: 'long java.lang.invoke.DirectMethodHandle$Holder.invokeVirtual(java.lang.Object, java.lang.Object)'> (0x00000006212346b0) 
thrown [e:\jenkins\tmp\workspace\build\src\src\hotspot\share\interpreter\linkResolver.cpp, line 766]
Event: 3.157 Thread 0x0000021ede4234a0 Exception <a 'java/lang/NoSuchMethodError'{0x000000062129f0c8}: 'double java.lang.invoke.DirectMethodHandle$Holder.invokeStatic(java.lang.Object, java.lang.Object, java.lang.Object)'> (0x000000062129f0c8) 
thrown [e:\jenkins\tmp\workspace\build\src\src\hotspot\share\interpreter\linkResolver.cpp, line 766]
Event: 3.218 Thread 0x0000021ede4234a0 Exception <a 'java/io/FileNotFoundException'{0x0000000620713508}> (0x0000000620713508) 
thrown [e:\jenkins\tmp\workspace\build\src\src\hotspot\share\prims\jni.cpp, line 516]
Event: 3.282 Thread 0x0000021ede4234a0 Implicit null exception at 0x0000021ebe9b172b to 0x0000021ebe9b1bbc

VM Operations (20 events):
Event: 2.861 Executing VM operation: HandshakeAllThreads
Event: 2.861 Executing VM operation: HandshakeAllThreads done
Event: 2.864 Executing VM operation: G1CollectForAllocation
Event: 2.867 Executing VM operation: G1CollectForAllocation done
Event: 2.983 Executing VM operation: HandshakeAllThreads
Event: 2.983 Executing VM operation: HandshakeAllThreads done
Event: 3.030 Executing VM operation: HandshakeAllThreads
Event: 3.030 Executing VM operation: HandshakeAllThreads done
Event: 3.108 Executing VM operation: ICBufferFull
Event: 3.108 Executing VM operation: ICBufferFull done
Event: 3.113 Executing VM operation: G1CollectForAllocation
Event: 3.117 Executing VM operation: G1CollectForAllocation done
Event: 3.184 Executing VM operation: ICBufferFull
Event: 3.185 Executing VM operation: ICBufferFull done
Event: 3.196 Executing VM operation: HandshakeAllThreads
Event: 3.196 Executing VM operation: HandshakeAllThreads done
Event: 3.196 Executing VM operation: HandshakeAllThreads
Event: 3.196 Executing VM operation: HandshakeAllThreads done
Event: 3.221 Executing VM operation: HandshakeAllThreads
Event: 3.221 Executing VM operation: HandshakeAllThreads done

Events (20 events):
Event: 3.224 loading class java/util/concurrent/ForkJoinPool done
Event: 3.225 loading class java/lang/invoke/VarHandleInts$FieldStaticReadWrite
Event: 3.225 loading class java/lang/invoke/VarHandleInts$FieldStaticReadOnly
Event: 3.225 loading class java/lang/invoke/VarHandleInts$FieldStaticReadOnly done
Event: 3.225 loading class java/lang/invoke/VarHandleInts$FieldStaticReadWrite done
Event: 3.225 loading class java/util/concurrent/ForkJoinPool$DefaultForkJoinWorkerThreadFactory
Event: 3.225 loading class java/util/concurrent/ForkJoinPool$ForkJoinWorkerThreadFactory
Event: 3.225 loading class java/util/concurrent/ForkJoinPool$ForkJoinWorkerThreadFactory done
Event: 3.225 loading class java/util/concurrent/ForkJoinPool$DefaultForkJoinWorkerThreadFactory done
Event: 3.225 loading class java/util/concurrent/ForkJoinPool$1
Event: 3.225 loading class java/util/concurrent/ForkJoinPool$1 done
Event: 3.225 loading class java/util/concurrent/ForkJoinPool$DefaultCommonPoolForkJoinWorkerThreadFactory
Event: 3.225 loading class java/util/concurrent/ForkJoinPool$DefaultCommonPoolForkJoinWorkerThreadFactory done
Event: 3.225 loading class java/util/concurrent/ForkJoinPool$WorkQueue
Event: 3.225 loading class java/util/concurrent/ForkJoinPool$WorkQueue done
Event: 3.225 loading class java/util/concurrent/ForkJoinWorkerThread
Event: 3.225 loading class java/util/concurrent/ForkJoinWorkerThread done
Event: 3.227 Thread 0x0000021ee3675f40 Thread added: 0x0000021ee3675f40
Event: 3.287 loading class java/lang/instrument/ClassFileTransformer
Event: 3.287 loading class java/lang/instrument/ClassFileTransformer done


Dynamic libraries:
0x00007ff670510000 - 0x00007ff67051e000 	C:\Users\Is4ki\.vscode\extensions\redhat.java-1.7.0-win32-x64\jre\17.0.3-win32-x86_64\bin\java.exe
0x00007ff974df0000 - 0x00007ff974fe5000 	C:\Windows\SYSTEM32\ntdll.dll
0x00007ff974230000 - 0x00007ff9742ed000 	C:\Windows\System32\KERNEL32.DLL
0x00007ff9726e0000 - 0x00007ff9729ad000 	C:\Windows\System32\KERNELBASE.dll
0x00007ff972c70000 - 0x00007ff972d70000 	C:\Windows\System32\ucrtbase.dll
0x00007ff93dd60000 - 0x00007ff93dd78000 	C:\Users\Is4ki\.vscode\extensions\redhat.java-1.7.0-win32-x64\jre\17.0.3-win32-x86_64\bin\jli.dll
0x00007ff941aa0000 - 0x00007ff941ab9000 	C:\Users\Is4ki\.vscode\extensions\redhat.java-1.7.0-win32-x64\jre\17.0.3-win32-x86_64\bin\VCRUNTIME140.dll
0x00007ff973710000 - 0x00007ff9738b0000 	C:\Windows\System32\USER32.dll
0x00007ff960a90000 - 0x00007ff960d2a000 	C:\Windows\WinSxS\amd64_microsoft.windows.common-controls_6595b64144ccf1df_6.0.19041.1110_none_60b5254171f9507e\COMCTL32.dll
0x00007ff972d70000 - 0x00007ff972d92000 	C:\Windows\System32\win32u.dll
0x00007ff9742f0000 - 0x00007ff97438e000 	C:\Windows\System32\msvcrt.dll
0x00007ff9736e0000 - 0x00007ff97370a000 	C:\Windows\System32\GDI32.dll
0x00007ff9729b0000 - 0x00007ff972abb000 	C:\Windows\System32\gdi32full.dll
0x00007ff972da0000 - 0x00007ff972e3d000 	C:\Windows\System32\msvcp_win.dll
0x00007ff974ba0000 - 0x00007ff974bd0000 	C:\Windows\System32\IMM32.DLL
0x00007ff94cf60000 - 0x00007ff94cf6c000 	C:\Users\Is4ki\.vscode\extensions\redhat.java-1.7.0-win32-x64\jre\17.0.3-win32-x86_64\bin\vcruntime140_1.dll
0x00007ff921720000 - 0x00007ff9217b1000 	C:\Users\Is4ki\.vscode\extensions\redhat.java-1.7.0-win32-x64\jre\17.0.3-win32-x86_64\bin\msvcp140.dll
0x00007ff8f72f0000 - 0x00007ff8f7f38000 	C:\Users\Is4ki\.vscode\extensions\redhat.java-1.7.0-win32-x64\jre\17.0.3-win32-x86_64\bin\server\jvm.dll
0x00007ff972f00000 - 0x00007ff972fae000 	C:\Windows\System32\ADVAPI32.dll
0x00007ff9749c0000 - 0x00007ff974a5c000 	C:\Windows\System32\sechost.dll
0x00007ff974a70000 - 0x00007ff974b95000 	C:\Windows\System32\RPCRT4.dll
0x00007ff974a60000 - 0x00007ff974a68000 	C:\Windows\System32\PSAPI.DLL
0x00007ff957ae0000 - 0x00007ff957ae9000 	C:\Windows\SYSTEM32\WSOCK32.dll
0x00007ff969310000 - 0x00007ff969337000 	C:\Windows\SYSTEM32\WINMM.dll
0x00007ff974870000 - 0x00007ff9748db000 	C:\Windows\System32\WS2_32.dll
0x00007ff96afe0000 - 0x00007ff96afea000 	C:\Windows\SYSTEM32\VERSION.dll
0x00007ff970da0000 - 0x00007ff970db2000 	C:\Windows\SYSTEM32\kernel.appcore.dll
0x00007ff94cf00000 - 0x00007ff94cf0a000 	C:\Users\Is4ki\.vscode\extensions\redhat.java-1.7.0-win32-x64\jre\17.0.3-win32-x86_64\bin\jimage.dll
0x00007ff970240000 - 0x00007ff970424000 	C:\Windows\SYSTEM32\DBGHELP.DLL
0x00007ff96e540000 - 0x00007ff96e56c000 	C:\Windows\SYSTEM32\dbgcore.DLL
0x00007ff972650000 - 0x00007ff9726d2000 	C:\Windows\System32\bcryptPrimitives.dll
0x00007ff93bb20000 - 0x00007ff93bb45000 	C:\Users\Is4ki\.vscode\extensions\redhat.java-1.7.0-win32-x64\jre\17.0.3-win32-x86_64\bin\java.dll
0x00007ff936950000 - 0x00007ff936968000 	C:\Users\Is4ki\.vscode\extensions\redhat.java-1.7.0-win32-x64\jre\17.0.3-win32-x86_64\bin\zip.dll
0x00007ff973ae0000 - 0x00007ff974224000 	C:\Windows\System32\SHELL32.dll
0x00007ff970430000 - 0x00007ff970bc4000 	C:\Windows\SYSTEM32\windows.storage.dll
0x00007ff9732f0000 - 0x00007ff973644000 	C:\Windows\System32\combase.dll
0x00007ff971e80000 - 0x00007ff971eac000 	C:\Windows\SYSTEM32\Wldp.dll
0x00007ff974bd0000 - 0x00007ff974c7d000 	C:\Windows\System32\SHCORE.dll
0x00007ff974c80000 - 0x00007ff974cd5000 	C:\Windows\System32\shlwapi.dll
0x00007ff972440000 - 0x00007ff97245f000 	C:\Windows\SYSTEM32\profapi.dll
0x00007ff93c2f0000 - 0x00007ff93c309000 	C:\Users\Is4ki\.vscode\extensions\redhat.java-1.7.0-win32-x64\jre\17.0.3-win32-x86_64\bin\net.dll
0x00007ff96b2b0000 - 0x00007ff96b3ba000 	C:\Windows\SYSTEM32\WINHTTP.dll
0x00007ff971c60000 - 0x00007ff971cca000 	C:\Windows\system32\mswsock.dll
0x00007ff936980000 - 0x00007ff936995000 	C:\Users\Is4ki\.vscode\extensions\redhat.java-1.7.0-win32-x64\jre\17.0.3-win32-x86_64\bin\nio.dll
0x00007ff96cff0000 - 0x00007ff96cff9000 	C:\Users\Is4ki\.vscode\extensions\redhat.java-1.7.0-win32-x64\jre\17.0.3-win32-x86_64\bin\management.dll
0x00007ff95c520000 - 0x00007ff95c52b000 	C:\Users\Is4ki\.vscode\extensions\redhat.java-1.7.0-win32-x64\jre\17.0.3-win32-x86_64\bin\management_ext.dll
0x00007ff957ac0000 - 0x00007ff957ad7000 	C:\Windows\system32\napinsp.dll
0x00007ff957a30000 - 0x00007ff957a4b000 	C:\Windows\system32\pnrpnsp.dll
0x00007ff957a10000 - 0x00007ff957a25000 	C:\Windows\system32\wshbth.dll
0x00007ff96d740000 - 0x00007ff96d75d000 	C:\Windows\system32\NLAapi.dll
0x00007ff971920000 - 0x00007ff97195b000 	C:\Windows\SYSTEM32\IPHLPAPI.DLL
0x00007ff971960000 - 0x00007ff971a2b000 	C:\Windows\SYSTEM32\DNSAPI.dll
0x00007ff9736d0000 - 0x00007ff9736d8000 	C:\Windows\System32\NSI.dll
0x00007ff957320000 - 0x00007ff957332000 	C:\Windows\System32\winrnr.dll
0x00007ff96a120000 - 0x00007ff96a12a000 	C:\Windows\System32\rasadhlp.dll
0x00007ff96ae60000 - 0x00007ff96aee0000 	C:\Windows\System32\fwpuclnt.dll
0x00007ff972620000 - 0x00007ff972647000 	C:\Windows\System32\bcrypt.dll
0x00007ff971ec0000 - 0x00007ff971ed8000 	C:\Windows\SYSTEM32\CRYPTSP.dll
0x00007ff971590000 - 0x00007ff9715c4000 	C:\Windows\system32\rsaenh.dll
0x00007ff9723c0000 - 0x00007ff9723ee000 	C:\Windows\SYSTEM32\USERENV.dll
0x00007ff971df0000 - 0x00007ff971dfc000 	C:\Windows\SYSTEM32\CRYPTBASE.dll
0x00007ff96b730000 - 0x00007ff96b747000 	C:\Windows\SYSTEM32\dhcpcsvc6.DLL
0x00007ff96b710000 - 0x00007ff96b72d000 	C:\Windows\SYSTEM32\dhcpcsvc.DLL
0x00007ff95c4c0000 - 0x00007ff95c4d0000 	C:\Users\Is4ki\.vscode\extensions\redhat.java-1.7.0-win32-x64\jre\17.0.3-win32-x86_64\bin\verify.dll
0x00007ff935fe0000 - 0x00007ff935fee000 	C:\Users\Is4ki\.vscode\extensions\redhat.java-1.7.0-win32-x64\jre\17.0.3-win32-x86_64\bin\sunmscapi.dll
0x00007ff972b10000 - 0x00007ff972c66000 	C:\Windows\System32\CRYPT32.dll
0x00007ff971fd0000 - 0x00007ff971ff7000 	C:\Windows\SYSTEM32\ncrypt.dll
0x00007ff971f90000 - 0x00007ff971fcb000 	C:\Windows\SYSTEM32\NTASN1.dll

dbghelp: loaded successfully - version: 4.0.5 - missing functions: none
symbol engine: initialized successfully - sym options: 0x614 - pdb path: .;C:\Users\Is4ki\.vscode\extensions\redhat.java-1.7.0-win32-x64\jre\17.0.3-win32-x86_64\bin;C:\Windows\SYSTEM32;C:\Windows\WinSxS\amd64_microsoft.windows.common-controls_6595b64144ccf1df_6.0.19041.1110_none_60b5254171f9507e;C:\Users\Is4ki\.vscode\extensions\redhat.java-1.7.0-win32-x64\jre\17.0.3-win32-x86_64\bin\server

VM Arguments:
jvm_args: -Dcom.sun.management.jmxremote -Dcom.sun.management.jmxremote.port=61598 -Dcom.sun.management.jmxremote.authenticate=false -Dcom.sun.management.jmxremote.ssl=false -Djava.rmi.server.hostname=localhost -Dspring.application.admin.enabled=true -Dspring.jmx.enabled=true -Dspring.boot.project.name=projekt -XX:+ShowCodeDetailsInExceptionMessages -Dfile.encoding=UTF-8 
java_command: de.hsrm.mi.web.projekt.ProjektApplication
java_class_path (initial): C:\Users\Is4ki\Desktop\semn6\projekt\bin\main;C:\Users\Is4ki\.gradle\caches\modules-2\files-2.1\org.springframework.boot\spring-boot-starter-actuator\2.6.7\e96ec484d42ca9b26d106bec22cb938369f7fbf5\spring-boot-starter-actuator-2.6.7.jar;C:\Users\Is4ki\.gradle\caches\modules-2\files-2.1\org.springframework.boot\spring-boot-starter-thymeleaf\2.6.7\d09d0e06d2ac1d0b7eed3da9cc459ab4fa5b50c\spring-boot-starter-thymeleaf-2.6.7.jar;C:\Users\Is4ki\.gradle\caches\modules-2\files-2.1\org.springframework.boot\spring-boot-starter-web\2.6.7\d877d6b14397f0c4b3a1611149a37eaf47f32195\spring-boot-starter-web-2.6.7.jar;C:\Users\Is4ki\.gradle\caches\modules-2\files-2.1\org.springframework.boot\spring-boot-starter-validation\2.6.7\96f28d6d7c122eebc9a68850d4f8edb29c58c2c\spring-boot-starter-validation-2.6.7.jar;C:\Users\Is4ki\.gradle\caches\modules-2\files-2.1\org.springframework.boot\spring-boot-starter-webflux\2.6.7\8c907a8a99049729b4f5d11d6c326a892295342b\spring-boot-starter-webflux-2.6.7.jar;C:\Users\Is4ki\.gradle\caches\modules-2\files-2.1\org.springframework.boot\spring-boot-starter-data-jpa\2.6.7\c67c8556deb506677da64cac10c6e4edcff41847\spring-boot-starter-data-jpa-2.6.7.jar;C:\Users\Is4ki\.gradle\caches\modules-2\files-2.1\org.hibernate\hibernate-core\5.6.5.Final\d5c41d9018d16ca6076726f0f037ba8a0ebc0cb4\hibernate-core-5.6.5.Final.jar;C:\Users\Is4ki\.gradle\caches\modules-2\files-2.1\org.springframework.boot\spring-boot-starter-json\2.6.7\6f50e3003a0fff41ff571d52041146a19010761c\spring-boot-starter-json-2.6.7.jar;C:\Users\Is4ki\.gradle\caches\modules-2\files-2.1\org.springframework.boot\spring-boot-starter-aop\2.6.7\35c3b25e425476d68a697206f6d96790ba7e03f9\spring-boot-starter-aop-2.6.7.jar;C:\Users\Is4ki\.gradle\caches\modules-2\files-2.1\org.springframework.boot\spring-boot-starter-jdbc\2.6.7\59b45ed0a157283ecbdf76fc30805a80aae6cfb7\spring-boot-starter-jdbc-2.6.7.jar;C:\Users\Is4ki\.gradle\caches\modules-2\files-2.1\org.springframework.boot\spring-boot
Launcher Type: SUN_STANDARD

[Global flags]
     intx CICompilerCount                          = 4                                         {product} {ergonomic}
     uint ConcGCThreads                            = 3                                         {product} {ergonomic}
     uint G1ConcRefinementThreads                  = 10                                        {product} {ergonomic}
   size_t G1HeapRegionSize                         = 4194304                                   {product} {ergonomic}
    uintx GCDrainStackTargetSize                   = 64                                        {product} {ergonomic}
   size_t InitialHeapSize                          = 536870912                                 {product} {ergonomic}
     bool ManagementServer                         = true                                      {product} {command line}
   size_t MarkStackSize                            = 4194304                                   {product} {ergonomic}
   size_t MaxHeapSize                              = 8568963072                                {product} {ergonomic}
   size_t MaxNewSize                               = 5138022400                                {product} {ergonomic}
   size_t MinHeapDeltaBytes                        = 4194304                                   {product} {ergonomic}
   size_t MinHeapSize                              = 8388608                                   {product} {ergonomic}
    uintx NonNMethodCodeHeapSize                   = 5839372                                {pd product} {ergonomic}
    uintx NonProfiledCodeHeapSize                  = 122909434                              {pd product} {ergonomic}
    uintx ProfiledCodeHeapSize                     = 122909434                              {pd product} {ergonomic}
    uintx ReservedCodeCacheSize                    = 251658240                              {pd product} {ergonomic}
     bool SegmentedCodeCache                       = true                                      {product} {ergonomic}
     bool ShowCodeDetailsInExceptionMessages       = true                                   {manageable} {command line}
   size_t SoftMaxHeapSize                          = 8568963072                             {manageable} {ergonomic}
     bool UseCompressedClassPointers               = true                           {product lp64_product} {ergonomic}
     bool UseCompressedOops                        = true                           {product lp64_product} {ergonomic}
     bool UseG1GC                                  = true                                      {product} {ergonomic}
     bool UseLargePagesIndividualAllocation        = false                                  {pd product} {ergonomic}

Logging:
Log output configuration:
 #0: stdout all=warning uptime,level,tags
 #1: stderr all=off uptime,level,tags

Environment Variables:
JAVA_HOME=C:\Program Files\Java\jdk-17
CLASSPATH=C:\Program Files\Java\jdk1.8.0_271\lib\*.jar
PATH=C:\Program Files\MongoDB\Server\5.0\bin;C:\Program Files\Java\jdk-17;C:\Program Files\Common Files\Oracle\Java\javapath;D:\GnuWin32;C:\Program Files\mingw-w64\x86_64-8.1.0-win32-seh-rt_v6-rev0\mingw64\bin;C:\Program Files\Oculus\Support\oculus-runtime;C:\Program Files (x86)\Common Files\Intel\Shared Libraries\redist\intel64\compiler;C:\Windows\system32;C:\Windows;C:\Windows\System32\Wbem;C:\Windows\System32\WindowsPowerShell\v1.0\;C:\Windows\System32\OpenSSH\;C:\Program Files (x86)\NVIDIA Corporation\PhysX\Common;C:\Program Files\NVIDIA Corporation\NVIDIA NvDLISR;C:\php-8.0.0;C:\composer;C:\Program Files\Docker\Docker\resources\bin;C:\ProgramData\DockerDesktop\version-bin;C:\HashiCorp\Vagrant\bin;D:\psql\bin;C:\Users\isa_k\AppData\Roaming\Composer\vendor\bin;C:\Users\isa_k\projekte\code\.config\composer\vendor\bin;C:\Program Files\Git\cmd;D:\apache-maven-3.6.3\bin;C:\Program Files\nodejs\;C:\Users\Is4ki\AppData\Local\Programs\Python\Python39\python.exe;D:\gradle-7.0-all\gradle-7.0\bin;C:\Program Files (x86)\Windows Kits\10\Windows Performance Toolkit\;C:\ProgramData\chocolatey\bin;C:\Users\Is4ki\AppData\Local\Programs\Python\Python39\Scripts\;C:\Users\Is4ki\AppData\Local\Programs\Python\Python39\;C:\Users\Is4ki\AppData\Local\Microsoft\WindowsApps;C:\Users\Is4ki\AppData\Local\Programs\Microsoft VS Code\bin;C:\Users\Is4ki\AppData\Local\GitHubDesktop\bin;C:\Users\Is4ki\AppData\Roaming\Composer\vendor\bin;C:\Users\Is4ki\AppData\Local\Programs\MiKTeX\miktex\bin\x64\;
USERNAME=Is4ki
OS=Windows_NT
PROCESSOR_IDENTIFIER=AMD64 Family 23 Model 113 Stepping 0, AuthenticAMD



---------------  S Y S T E M  ---------------

OS:
 Windows 10 , 64 bit Build 19041 (10.0.19041.1706)
OS uptime: 0 days 2:53 hours
Hyper-V role detected

CPU: total 12 (initial active 12) (12 cores per cpu, 2 threads per core) family 23 model 113 stepping 0 microcode 0x0, cx8, cmov, fxsr, ht, mmx, 3dnowpref, sse, sse2, sse3, ssse3, sse4a, sse4.1, sse4.2, popcnt, lzcnt, tsc, tscinvbit, avx, avx2, aes, clmul, bmi1, bmi2, adx, sha, fma, vzeroupper, clflush, clflushopt, hv

Memory: 4k page, system-wide physical 32686M (21936M free)
TotalPageFile size 37550M (AvailPageFile size 18199M)
current process WorkingSet (physical memory assigned to process): 240M, peak: 240M
current process commit charge ("private bytes"): 281M, peak: 649M

vm_info: OpenJDK 64-Bit Server VM (17.0.3+7) for windows-amd64 JRE (17.0.3+7), built on Apr 19 2022 16:55:35 by "" with MS VC++ 16.7 (VS2019)

END.
